<?xml version="1.0" encoding="UTF-8"?>
<testsuites name="SampleSuite" time="79.678" tests="1" failures="0" errors="0">
   <testsuite name="SampleSuite" tests="1" failures="0" errors="0" time="79.678" skipped="0" timestamp="10-04-2024T21:53:22" hostname="geetanjali - localhost" id="Test Suites/SampleSuite">
      <properties>
         <property name="deviceName" value=""/>
         <property name="devicePlatform" value=""/>
         <property name="logFolder" value="/Users/geetanjali/Katalon Studio/BDD-Project-Sample/Reports/20240410_215316/SampleSuite/20240410_215316"/>
         <property name="logFiles" value="/Users/geetanjali/Katalon Studio/BDD-Project-Sample/Reports/20240410_215316/SampleSuite/20240410_215316/execution0.log"/>
         <property name="attachments" value=""/>
         <property name="hostName" value="geetanjali - localhost"/>
         <property name="os" value="Mac OS X 64bit"/>
         <property name="katalonVersion" value="9.3.1.212"/>
         <property name="browser" value="Chrome 119.0.0.0"/>
         <property name="hostAddress" value="127.0.0.1"/>
         <property name="sessionId" value="0cbdf7830e026de02ee2d91063c3a05f"/>
         <property name="seleniumVersion" value="3.141.59"/>
         <property name="proxyInformation" value="ProxyInformation { proxyOption=NO_PROXY, proxyServerType=HTTP, username=, password=********, proxyServerAddress=, proxyServerPort=0, executionList=&quot;&quot;, isApplyToDesiredCapabilities=true }"/>
         <property name="platform" value="Mac OS X"/>
      </properties>
      <testcase name="Test Cases/Sample" time="79.514" classname="Test Cases/Sample" status="PASSED">
         <system-out><![CDATA[10-04-2024T21:53:23 - [TEST_CASE][PASSED] - Test Cases/Sample: Test Cases/Sample

10-04-2024T21:53:23 - [TEST_STEP][PASSED] - openBrowser(""): Browser is opened with url: ''

10-04-2024T21:53:23 - [MESSAGE][INFO] - Starting 'Chrome' driver

10-04-2024T21:53:23 - [MESSAGE][INFO] - Action delay is set to 0 milliseconds

10-04-2024T21:53:26 - [MESSAGE][PASSED] - Browser is opened with url: ''

10-04-2024T21:53:26 - [TEST_STEP][PASSED] - closeBrowser(): Browser is closed

10-04-2024T21:53:26 - [MESSAGE][PASSED] - Browser is closed

10-04-2024T21:53:26 - [TEST_STEP][PASSED] - openBrowser(""): Browser is opened with url: ''

10-04-2024T21:53:26 - [MESSAGE][INFO] - Starting 'Chrome' driver

10-04-2024T21:53:26 - [MESSAGE][INFO] - Action delay is set to 0 milliseconds

10-04-2024T21:53:27 - [MESSAGE][PASSED] - Browser is opened with url: ''

10-04-2024T21:53:27 - [TEST_STEP][PASSED] - navigateToUrl("https://www.bangalorejobseekers.com/"): Navigate to 'https://www.bangalorejobseekers.com/' successfully

10-04-2024T21:53:47 - [MESSAGE][PASSED] - Navigate to 'https://www.bangalorejobseekers.com/' successfully

10-04-2024T21:53:47 - [TEST_STEP][PASSED] - click(findTestObject("Object Repository/Page_BJS - Bangalore Job Seekers/a_Create Listing")): Object: 'Object Repository/Page_BJS - Bangalore Job Seekers/a_Create Listing' is clicked on

10-04-2024T21:54:07 - [MESSAGE][PASSED] - Object: 'Object Repository/Page_BJS - Bangalore Job Seekers/a_Create Listing' is clicked on

10-04-2024T21:54:07 - [TEST_STEP][PASSED] - click(findTestObject("Object Repository/Page_Create Listing - Bangalore Job Seekers/a_register")): Object: 'Object Repository/Page_Create Listing - Bangalore Job Seekers/a_register' is clicked on

10-04-2024T21:54:25 - [MESSAGE][PASSED] - Object: 'Object Repository/Page_Create Listing - Bangalore Job Seekers/a_register' is clicked on

10-04-2024T21:54:25 - [TEST_STEP][PASSED] - click(findTestObject("Object Repository/Page_Register - Bangalore Job Seekers Regis_226f9f/a_Submit Resume")): Object: 'Object Repository/Page_Register - Bangalore Job Seekers Regis_226f9f/a_Submit Resume' is clicked on

10-04-2024T21:54:42 - [MESSAGE][PASSED] - Object: 'Object Repository/Page_Register - Bangalore Job Seekers Regis_226f9f/a_Submit Resume' is clicked on

10-04-2024T21:54:42 - [TEST_STEP][PASSED] - closeBrowser(): Browser is closed

10-04-2024T21:54:42 - [MESSAGE][PASSED] - Browser is closed]]></system-out>
         <system-err><![CDATA[]]></system-err>
      </testcase>
      <system-out><![CDATA[10-04-2024T21:53:22 - [TEST_SUITE][PASSED] - SampleSuite: Test Cases/Sample]]></system-out>
      <system-err><![CDATA[]]></system-err>
   </testsuite>
</testsuites>
