<?xml version="1.0" encoding="UTF-8"?>
<testsuites name="SampleSuite" time="5.754" tests="1" failures="0" errors="0">
   <testsuite name="SampleSuite" tests="1" failures="0" errors="0" time="5.754" skipped="0" timestamp="01-05-2024T11:32:42" hostname="geetanjali - localhost" id="Test Suites/SampleSuite">
      <properties>
         <property name="deviceName" value=""/>
         <property name="devicePlatform" value=""/>
         <property name="logFolder" value="/Users/geetanjali/BDD-Rough/Reports/20240501_113237/SampleSuite/20240501_113237"/>
         <property name="logFiles" value="/Users/geetanjali/BDD-Rough/Reports/20240501_113237/SampleSuite/20240501_113237/execution0.log"/>
         <property name="attachments" value=""/>
         <property name="hostName" value="geetanjali - localhost"/>
         <property name="os" value="Mac OS X 64bit"/>
         <property name="katalonVersion" value="9.4.0.212"/>
         <property name="browser" value="Chrome 119.0.0.0"/>
         <property name="hostAddress" value="127.0.0.1"/>
         <property name="sessionId" value="eda42aff7167af730ed9af0ed25e3f6a"/>
         <property name="seleniumVersion" value="3.141.59"/>
         <property name="proxyInformation" value="ProxyInformation { proxyOption=NO_PROXY, proxyServerType=HTTP, username=, password=********, proxyServerAddress=, proxyServerPort=0, executionList=&quot;&quot;, isApplyToDesiredCapabilities=true }"/>
         <property name="platform" value="Mac OS X"/>
      </properties>
      <testcase name="Test Cases/Sample" time="5.671" classname="Test Cases/Sample" status="PASSED">
         <system-out><![CDATA[01-05-2024T11:32:42 - [TEST_CASE][PASSED] - Test Cases/Sample: Test Cases/Sample

01-05-2024T11:32:42 - [TEST_STEP][PASSED] - openBrowser("https://www.google.com/"): Browser is opened with url: 'https://www.google.com/'

01-05-2024T11:32:42 - [MESSAGE][INFO] - Starting 'Chrome' driver

01-05-2024T11:32:42 - [MESSAGE][INFO] - Action delay is set to 0 milliseconds

01-05-2024T11:32:46 - [MESSAGE][PASSED] - Browser is opened with url: 'https://www.google.com/'

01-05-2024T11:32:46 - [TEST_STEP][PASSED] - navigateToUrl("https://www.facebook.com/"): Navigate to 'https://www.facebook.com/' successfully

01-05-2024T11:32:47 - [MESSAGE][PASSED] - Navigate to 'https://www.facebook.com/' successfully]]></system-out>
         <system-err><![CDATA[]]></system-err>
      </testcase>
      <system-out><![CDATA[01-05-2024T11:32:42 - [TEST_SUITE][PASSED] - SampleSuite: Test Cases/Sample]]></system-out>
      <system-err><![CDATA[]]></system-err>
   </testsuite>
</testsuites>
